{
  "stats": {
    "suites": 2,
    "tests": 2,
    "passes": 1,
    "pending": 0,
    "failures": 1,
    "start": "2020-04-05T08:13:02.679Z",
    "end": "2020-04-05T08:13:02.706Z",
    "duration": 27,
    "testsRegistered": 2,
    "passPercent": 50,
    "pendingPercent": 0,
    "other": 0,
    "hasOther": false,
    "skipped": 0,
    "hasSkipped": false
  },
  "results": [
    {
      "uuid": "0bc16710-6f15-4e2f-8997-b57c85c7b8d8",
      "title": "",
      "fullFile": "",
      "file": "",
      "beforeHooks": [],
      "afterHooks": [],
      "tests": [],
      "suites": [
        {
          "uuid": "6a92c766-d321-487f-9a50-6f918514e88e",
          "title": "接口测试脚本",
          "fullFile": "/Users/zhangcong/yideng/tests-demo/tests/service/router.spec.js",
          "file": "/tests/service/router.spec.js",
          "beforeHooks": [],
          "afterHooks": [],
          "tests": [
            {
              "title": "API测试",
              "fullTitle": "接口测试脚本 API测试",
              "timedOut": false,
              "duration": 17,
              "state": "passed",
              "speed": "fast",
              "pass": true,
              "fail": false,
              "pending": false,
              "context": null,
              "code": "request()\n  .get('/')\n  .set('Accept', 'application/json')\n  .expect('Content-Type', /json/)\n  .expect(200)\n  .end(function (err, res) {\n    if (err) {\n      done(err);\n    }\n    if (res.body.data == 'Hello World') {\n      done();\n    } else {\n      done(new Error('返回接口错误'));\n    }\n  });",
              "err": {},
              "uuid": "341d627b-bc04-4974-8752-beec2cd0d0b8",
              "parentUUID": "6a92c766-d321-487f-9a50-6f918514e88e",
              "isHook": false,
              "skipped": false
            }
          ],
          "suites": [],
          "passes": [
            "341d627b-bc04-4974-8752-beec2cd0d0b8"
          ],
          "failures": [],
          "pending": [],
          "skipped": [],
          "duration": 17,
          "root": false,
          "rootEmpty": false,
          "_timeout": 2000
        },
        {
          "uuid": "cc741973-0cd3-49a2-ad5c-adebd1dcbff9",
          "title": "Node的容错机制",
          "fullFile": "/Users/zhangcong/yideng/tests-demo/tests/service/router.spec.js",
          "file": "/tests/service/router.spec.js",
          "beforeHooks": [],
          "afterHooks": [],
          "tests": [
            {
              "title": "404脚本错误",
              "fullTitle": "Node的容错机制 404脚本错误",
              "timedOut": false,
              "duration": 2,
              "state": "failed",
              "speed": null,
              "pass": false,
              "fail": true,
              "pending": false,
              "context": null,
              "code": "request().get('/message/notfound').expect('404', done);",
              "err": {
                "message": "Error: expected '404' response body, got '{\"data\":\"Hello World\"}'",
                "estack": "Error: expected '404' response body, got '{\"data\":\"Hello World\"}'\n    at error (node_modules/_supertest@4.0.2@supertest/lib/test.js:301:13)\n    at Test._assertBody (node_modules/_supertest@4.0.2@supertest/lib/test.js:218:14)\n    at Test._assertFunction (node_modules/_supertest@4.0.2@supertest/lib/test.js:283:11)\n    at Test.assert (node_modules/_supertest@4.0.2@supertest/lib/test.js:173:18)\n    at localAssert (node_modules/_supertest@4.0.2@supertest/lib/test.js:131:12)\n    at /Users/zhangcong/yideng/tests-demo/node_modules/_supertest@4.0.2@supertest/lib/test.js:128:5\n    at Test.Request.callback (node_modules/_superagent@3.8.3@superagent/lib/node/index.js:716:12)\n    at /Users/zhangcong/yideng/tests-demo/node_modules/_superagent@3.8.3@superagent/lib/node/index.js:916:18\n    at IncomingMessage.<anonymous> (node_modules/_superagent@3.8.3@superagent/lib/node/parsers/json.js:19:7)",
                "diff": null
              },
              "uuid": "cc57f145-10fe-4cad-9e35-a21848ecdd6d",
              "parentUUID": "cc741973-0cd3-49a2-ad5c-adebd1dcbff9",
              "isHook": false,
              "skipped": false
            }
          ],
          "suites": [],
          "passes": [],
          "failures": [
            "cc57f145-10fe-4cad-9e35-a21848ecdd6d"
          ],
          "pending": [],
          "skipped": [],
          "duration": 2,
          "root": false,
          "rootEmpty": false,
          "_timeout": 2000
        }
      ],
      "passes": [],
      "failures": [],
      "pending": [],
      "skipped": [],
      "duration": 0,
      "root": true,
      "rootEmpty": true,
      "_timeout": 2000
    }
  ],
  "meta": {
    "mocha": {
      "version": "7.1.1"
    },
    "mochawesome": {
      "options": {
        "quiet": false,
        "reportFilename": "mochawesome",
        "saveHtml": true,
        "saveJson": true,
        "consoleReporter": "spec",
        "useInlineDiffs": false,
        "code": true
      },
      "version": "5.0.0"
    },
    "marge": {
      "options": {
        "reportDir": "./docs/mochawesome-report"
      },
      "version": "4.1.0"
    }
  }
}